{"contracts/Raffle.sol":{"l":{"61":3,"62":3,"63":3,"64":3,"65":3,"66":3,"67":3,"69":3,"76":5,"77":1,"81":4,"82":1,"87":3,"88":3,"108":1,"109":1,"110":1,"111":1,"112":1,"117":1,"118":1,"119":0,"126":1,"130":1,"138":1,"145":0,"146":0,"147":0,"149":0,"151":0,"153":0,"156":0,"158":0,"159":0,"162":0,"167":5,"171":1,"175":0,"179":1,"183":0,"187":0,"191":0,"195":0,"200":5},"path":"/home/tanvir/hh-fcc/hardhat-smartcontract-lottery-fcc/contracts/Raffle.sol","s":{"1":5,"2":4,"3":3,"4":3,"5":1,"6":1,"7":1,"8":1,"9":1,"10":1,"11":1,"12":1,"13":0,"14":0,"15":0,"16":0,"17":0,"18":5,"19":1,"20":0,"21":1,"22":0,"23":0,"24":0,"25":0,"26":5},"b":{"1":[1,4],"2":[1,3],"3":[0,1],"4":[0,0]},"f":{"1":3,"2":5,"3":1,"4":1,"5":0,"6":5,"7":1,"8":0,"9":1,"10":0,"11":0,"12":0,"13":0,"14":5},"fnMap":{"1":{"name":"constructor","line":60,"loc":{"start":{"line":53,"column":4},"end":{"line":72,"column":4}}},"2":{"name":"enterRaffle","line":74,"loc":{"start":{"line":74,"column":4},"end":{"line":89,"column":4}}},"3":{"name":"checkUpkeep","line":105,"loc":{"start":{"line":105,"column":4},"end":{"line":114,"column":4}}},"4":{"name":"performUpkeep","line":116,"loc":{"start":{"line":116,"column":4},"end":{"line":139,"column":4}}},"5":{"name":"fulfillRandomWords","line":141,"loc":{"start":{"line":141,"column":4},"end":{"line":163,"column":4}}},"6":{"name":"getEntranceFee","line":166,"loc":{"start":{"line":166,"column":4},"end":{"line":168,"column":4}}},"7":{"name":"getPlayer","line":170,"loc":{"start":{"line":170,"column":4},"end":{"line":172,"column":4}}},"8":{"name":"getRecentWinner","line":174,"loc":{"start":{"line":174,"column":4},"end":{"line":176,"column":4}}},"9":{"name":"getRaffleState","line":178,"loc":{"start":{"line":178,"column":4},"end":{"line":180,"column":4}}},"10":{"name":"getNumWords","line":182,"loc":{"start":{"line":182,"column":4},"end":{"line":184,"column":4}}},"11":{"name":"getNumberOfPlayers","line":186,"loc":{"start":{"line":186,"column":4},"end":{"line":188,"column":4}}},"12":{"name":"getLatestTimeStamp","line":190,"loc":{"start":{"line":190,"column":4},"end":{"line":192,"column":4}}},"13":{"name":"getRequestConfirmations","line":194,"loc":{"start":{"line":194,"column":4},"end":{"line":196,"column":4}}},"14":{"name":"getInterval","line":198,"loc":{"start":{"line":198,"column":4},"end":{"line":201,"column":4}}}},"statementMap":{"1":{"start":{"line":76,"column":8},"end":{"line":76,"column":2660}},"2":{"start":{"line":81,"column":8},"end":{"line":81,"column":2815}},"3":{"start":{"line":87,"column":8},"end":{"line":87,"column":42}},"4":{"start":{"line":88,"column":8},"end":{"line":88,"column":36}},"5":{"start":{"line":108,"column":8},"end":{"line":108,"column":57}},"6":{"start":{"line":109,"column":8},"end":{"line":109,"column":76}},"7":{"start":{"line":110,"column":8},"end":{"line":110,"column":48}},"8":{"start":{"line":111,"column":8},"end":{"line":111,"column":51}},"9":{"start":{"line":117,"column":8},"end":{"line":117,"column":47}},"10":{"start":{"line":118,"column":8},"end":{"line":118,"column":4415}},"11":{"start":{"line":130,"column":8},"end":{"line":130,"column":4816}},"12":{"start":{"line":138,"column":8},"end":{"line":138,"column":45}},"13":{"start":{"line":145,"column":8},"end":{"line":145,"column":65}},"14":{"start":{"line":146,"column":8},"end":{"line":146,"column":63}},"15":{"start":{"line":156,"column":8},"end":{"line":156,"column":78}},"16":{"start":{"line":158,"column":8},"end":{"line":158,"column":5854}},"17":{"start":{"line":162,"column":8},"end":{"line":162,"column":39}},"18":{"start":{"line":167,"column":8},"end":{"line":167,"column":28}},"19":{"start":{"line":171,"column":8},"end":{"line":171,"column":31}},"20":{"start":{"line":175,"column":8},"end":{"line":175,"column":29}},"21":{"start":{"line":179,"column":8},"end":{"line":179,"column":28}},"22":{"start":{"line":183,"column":8},"end":{"line":183,"column":24}},"23":{"start":{"line":187,"column":8},"end":{"line":187,"column":31}},"24":{"start":{"line":191,"column":8},"end":{"line":191,"column":30}},"25":{"start":{"line":195,"column":8},"end":{"line":195,"column":36}},"26":{"start":{"line":200,"column":8},"end":{"line":200,"column":25}}},"branchMap":{"1":{"line":76,"type":"if","locations":[{"start":{"line":76,"column":8},"end":{"line":76,"column":8}},{"start":{"line":76,"column":8},"end":{"line":76,"column":8}}]},"2":{"line":81,"type":"if","locations":[{"start":{"line":81,"column":8},"end":{"line":81,"column":8}},{"start":{"line":81,"column":8},"end":{"line":81,"column":8}}]},"3":{"line":118,"type":"if","locations":[{"start":{"line":118,"column":8},"end":{"line":118,"column":8}},{"start":{"line":118,"column":8},"end":{"line":118,"column":8}}]},"4":{"line":158,"type":"if","locations":[{"start":{"line":158,"column":8},"end":{"line":158,"column":8}},{"start":{"line":158,"column":8},"end":{"line":158,"column":8}}]}}},"contracts/test/VRFCoordinatorV2Mock.sol":{"l":{},"path":"/home/tanvir/hh-fcc/hardhat-smartcontract-lottery-fcc/contracts/test/VRFCoordinatorV2Mock.sol","s":{},"b":{},"f":{},"fnMap":{},"statementMap":{},"branchMap":{}}}