TN:
SF:/home/tanvir/hh-fcc/hardhat-smartcontract-lottery-fcc/contracts/Raffle.sol
FN:60,constructor
FN:74,enterRaffle
FN:105,checkUpkeep
FN:116,performUpkeep
FN:141,fulfillRandomWords
FN:166,getEntranceFee
FN:170,getPlayer
FN:174,getRecentWinner
FN:178,getRaffleState
FN:182,getNumWords
FN:186,getNumberOfPlayers
FN:190,getLatestTimeStamp
FN:194,getRequestConfirmations
FN:198,getInterval
FNF:14
FNH:8
FNDA:3,constructor
FNDA:5,enterRaffle
FNDA:1,checkUpkeep
FNDA:1,performUpkeep
FNDA:0,fulfillRandomWords
FNDA:5,getEntranceFee
FNDA:1,getPlayer
FNDA:0,getRecentWinner
FNDA:1,getRaffleState
FNDA:0,getNumWords
FNDA:0,getNumberOfPlayers
FNDA:0,getLatestTimeStamp
FNDA:0,getRequestConfirmations
FNDA:5,getInterval
DA:61,3
DA:62,3
DA:63,3
DA:64,3
DA:65,3
DA:66,3
DA:67,3
DA:69,3
DA:76,5
DA:77,1
DA:81,4
DA:82,1
DA:87,3
DA:88,3
DA:108,1
DA:109,1
DA:110,1
DA:111,1
DA:112,1
DA:117,1
DA:118,1
DA:119,0
DA:126,1
DA:130,1
DA:138,1
DA:145,0
DA:146,0
DA:147,0
DA:149,0
DA:151,0
DA:153,0
DA:156,0
DA:158,0
DA:159,0
DA:162,0
DA:167,5
DA:171,1
DA:175,0
DA:179,1
DA:183,0
DA:187,0
DA:191,0
DA:195,0
DA:200,5
LF:44
LH:28
BRDA:76,1,0,1
BRDA:76,1,1,4
BRDA:81,2,0,1
BRDA:81,2,1,3
BRDA:118,3,0,0
BRDA:118,3,1,1
BRDA:158,4,0,0
BRDA:158,4,1,0
BRF:8
BRH:5
end_of_record
TN:
SF:/home/tanvir/hh-fcc/hardhat-smartcontract-lottery-fcc/contracts/test/VRFCoordinatorV2Mock.sol
FNF:0
FNH:0
LF:0
LH:0
BRF:0
BRH:0
end_of_record
